#
# There is insufficient memory for the Java Runtime Environment to continue.
# Native memory allocation (malloc) failed to allocate 32744 bytes for ChunkPool::allocate
# Possible reasons:
#   The system is out of physical RAM or swap space
#   The process is running with CompressedOops enabled, and the Java Heap may be blocking the growth of the native heap
# Possible solutions:
#   Reduce memory load on the system
#   Increase physical memory or swap space
#   Check if swap backing store is full
#   Decrease Java heap size (-Xmx/-Xms)
#   Decrease number of Java threads
#   Decrease Java thread stack sizes (-Xss)
#   Set larger code cache with -XX:ReservedCodeCacheSize=
#   JVM is running with Unscaled Compressed Oops mode in which the Java heap is
#     placed in the first 4GB address space. The Java Heap base address is the
#     maximum limit for the native heap growth. Please use -XX:HeapBaseMinAddress
#     to set the Java Heap base and to place the Java Heap above 4GB virtual address.
# This output file may be truncated or incomplete.
#
#  Out of Memory Error (allocation.cpp:272), pid=1204, tid=0x00000000000018ac
#
# JRE version: Java(TM) SE Runtime Environment (8.0_241-b07) (build 1.8.0_241-b07)
# Java VM: Java HotSpot(TM) 64-Bit Server VM (25.241-b07 mixed mode windows-amd64 compressed oops)
# Failed to write core dump. Minidumps are not enabled by default on client versions of Windows
#

---------------  T H R E A D  ---------------

Current thread (0x000000000a673800):  JavaThread "C1 CompilerThread3" daemon [_thread_in_native, id=6316, stack(0x000000000b230000,0x000000000b330000)]

Stack: [0x000000000b230000,0x000000000b330000]
[error occurred during error reporting (printing stack bounds), id 0xc0000005]

Native frames: (J=compiled Java code, j=interpreted, Vv=VM code, C=native code)


Current CompileTask:
C1:   3953 3241       1       org.springframework.asm.ClassReader::readCode (5085 bytes)


---------------  P R O C E S S  ---------------

Java Threads: ( => current thread )
  0x000000000dceb800 JavaThread "task-1" [_thread_in_Java, id=4300, stack(0x000000001e610000,0x000000001e710000)]
  0x000000000dce8800 JavaThread "HikariPool-1 connection adder" daemon [_thread_blocked, id=12952, stack(0x000000001e510000,0x000000001e610000)]
  0x000000000dcea000 JavaThread "container-0" [_thread_blocked, id=12364, stack(0x000000001e410000,0x000000001e510000)]
  0x000000000dcef800 JavaThread "Catalina-utility-2" [_thread_blocked, id=13632, stack(0x000000001e310000,0x000000001e410000)]
  0x000000000dcee800 JavaThread "Catalina-utility-1" [_thread_blocked, id=8400, stack(0x000000001e210000,0x000000001e310000)]
  0x000000000dce9000 JavaThread "HikariPool-1 housekeeper" daemon [_thread_blocked, id=12228, stack(0x000000000ee40000,0x000000000ef40000)]
  0x000000000b61e000 JavaThread "restartedMain" [_thread_in_vm_trans, id=6456, stack(0x000000000d070000,0x000000000d170000)]
  0x000000000b61d000 JavaThread "Thread-3" [_thread_blocked, id=8464, stack(0x000000000cf70000,0x000000000d070000)]
  0x000000000b991000 JavaThread "JMX server connection timeout 20" daemon [_thread_blocked, id=9156, stack(0x000000000ce70000,0x000000000cf70000)]
  0x000000000b9e2000 JavaThread "RMI TCP Connection(3)-127.0.0.1" daemon [_thread_in_native, id=7328, stack(0x000000000cd70000,0x000000000ce70000)]
  0x000000000b933800 JavaThread "JMX server connection timeout 18" daemon [_thread_blocked, id=3196, stack(0x000000000c670000,0x000000000c770000)]
  0x000000000b8a6800 JavaThread "RMI TCP Connection(2)-127.0.0.1" daemon [_thread_in_native, id=7512, stack(0x000000000c570000,0x000000000c670000)]
  0x000000000b8a6000 JavaThread "RMI Scheduler(0)" daemon [_thread_blocked, id=6648, stack(0x000000000c470000,0x000000000c570000)]
  0x000000000b86a000 JavaThread "RMI TCP Connection(1)-127.0.0.1" daemon [_thread_in_native, id=13812, stack(0x000000000c170000,0x000000000c270000)]
  0x000000000b738000 JavaThread "RMI TCP Accept-0" daemon [_thread_in_native, id=7216, stack(0x000000000be30000,0x000000000bf30000)]
  0x000000000b70e000 JavaThread "RMI TCP Accept-56090" daemon [_thread_in_native, id=12648, stack(0x000000000bd30000,0x000000000be30000)]
  0x000000000b704800 JavaThread "RMI TCP Accept-0" daemon [_thread_in_native, id=8048, stack(0x000000000bc30000,0x000000000bd30000)]
  0x000000000a6f6000 JavaThread "Service Thread" daemon [_thread_blocked, id=544, stack(0x000000000b330000,0x000000000b430000)]
=>0x000000000a673800 JavaThread "C1 CompilerThread3" daemon [_thread_in_native, id=6316, stack(0x000000000b230000,0x000000000b330000)]
  0x000000000a670800 JavaThread "C2 CompilerThread2" daemon [_thread_blocked, id=3916, stack(0x000000000b130000,0x000000000b230000)]
  0x000000000a66f000 JavaThread "C2 CompilerThread1" daemon [_thread_blocked, id=14232, stack(0x000000000b030000,0x000000000b130000)]
  0x000000000a66c800 JavaThread "C2 CompilerThread0" daemon [_thread_blocked, id=10184, stack(0x000000000af30000,0x000000000b030000)]
  0x000000000a66b800 JavaThread "Attach Listener" daemon [_thread_blocked, id=1640, stack(0x000000000ae30000,0x000000000af30000)]
  0x000000000a668800 JavaThread "Signal Dispatcher" daemon [_thread_blocked, id=7348, stack(0x000000000ad30000,0x000000000ae30000)]
  0x000000000a651800 JavaThread "Finalizer" daemon [_thread_blocked, id=8764, stack(0x000000000ab30000,0x000000000ac30000)]
  0x000000000a650800 JavaThread "Reference Handler" daemon [_thread_blocked, id=1240, stack(0x000000000aa30000,0x000000000ab30000)]
  0x0000000002845800 JavaThread "main" [_thread_blocked, id=12892, stack(0x0000000002740000,0x0000000002840000)]

Other Threads:
  0x0000000008859000 VMThread [stack: 0x000000000a530000,0x000000000a630000] [id=13972]
  0x000000000b739000 WatcherThread [stack: 0x000000000bf30000,0x000000000c030000] [id=7384]

VM state:not at safepoint (normal execution)

VM Mutex/Monitor currently owned by a thread:  ([mutex/lock_event])
[0x0000000002844460] CompiledIC_lock - owner thread: 0x0000000000000000

heap address: 0x0000000082200000, size: 2014 MB, Compressed Oops mode: 32-bit
Narrow klass base: 0x0000000000000000, Narrow klass shift: 3
Compressed class space size: 1073741824 Address: 0x0000000100000000

Heap:
 PSYoungGen      total 56320K, used 8311K [0x00000000d6100000, 0x00000000da300000, 0x0000000100000000)
  eden space 47104K, 17% used [0x00000000d6100000,0x00000000d691dea0,0x00000000d8f00000)
  from space 9216K, 0% used [0x00000000d9a00000,0x00000000d9a00000,0x00000000da300000)
  to   space 10240K, 0% used [0x00000000d8f00000,0x00000000d8f00000,0x00000000d9900000)
 ParOldGen       total 52224K, used 14253K [0x0000000082200000, 0x0000000085500000, 0x00000000d6100000)
  object space 52224K, 27% used [0x0000000082200000,0x0000000082feb6e0,0x0000000085500000)
 Metaspace       used 34111K, capacity 35990K, committed 36096K, reserved 1081344K
  class space    used 4519K, capacity 4832K, committed 4864K, reserved 1048576K

Card table byte_map: [0x0000000002d00000,0x00000000030f0000] byte_map_base: 0x00000000028ef000

Marking Bits: (ParMarkBitMap*) 0x000000005d28be30
 Begin Bits: [0x0000000003b90000, 0x0000000005b08000)
 End Bits:   [0x0000000005b08000, 0x0000000007a80000)

Polling page: 0x0000000000690000

CodeCache: size=245760Kb used=6456Kb max_used=6456Kb free=239303Kb
 bounds [0x000000000f010000, 0x000000000f660000, 0x000000001e010000]
 total_blobs=3703 nmethods=3240 adapters=375
 compilation: enabled

Compilation events (10 events):
Event: 3.933 Thread 0x000000000a673800 nmethod 3236 0x000000000f65d350 code [0x000000000f65d4a0, 0x000000000f65d5e8]
Event: 3.933 Thread 0x000000000a673800 3237       1       org.springframework.beans.factory.support.AbstractAutowireCapableBeanFactory::applyMergedBeanDefinitionPostProcessors (62 bytes)
Event: 3.933 Thread 0x000000000a673800 nmethod 3237 0x000000000f65d650 code [0x000000000f65d7e0, 0x000000000f65dad8]
Event: 3.933 Thread 0x000000000a673800 3239       1       org.springframework.beans.factory.config.InstantiationAwareBeanPostProcessorAdapter::postProcessAfterInitialization (2 bytes)
Event: 3.933 Thread 0x000000000a673800 nmethod 3239 0x000000000f65dc50 code [0x000000000f65dda0, 0x000000000f65deb0]
Event: 3.933 Thread 0x000000000a673800 3238       1       org.springframework.web.context.support.GenericWebApplicationContext::getServletContext (5 bytes)
Event: 3.933 Thread 0x000000000a673800 nmethod 3238 0x000000000f65df10 code [0x000000000f65e060, 0x000000000f65e170]
Event: 3.934 Thread 0x000000000a673800 3240       1       org.springframework.beans.factory.support.AbstractAutowireCapableBeanFactory::getInstantiationStrategy (5 bytes)
Event: 3.934 Thread 0x000000000a673800 nmethod 3240 0x000000000f65e1d0 code [0x000000000f65e320, 0x000000000f65e430]
Event: 3.936 Thread 0x000000000a673800 3241       1       org.springframework.asm.ClassReader::readCode (5085 bytes)

GC Heap History (10 events):
Event: 3.171 GC heap before
{Heap before GC invocations=12 (full 1):
 PSYoungGen      total 56320K, used 52259K [0x00000000d6100000, 0x00000000da300000, 0x0000000100000000)
  eden space 47104K, 100% used [0x00000000d6100000,0x00000000d8f00000,0x00000000d8f00000)
  from space 9216K, 55% used [0x00000000d9a00000,0x00000000d9f08e28,0x00000000da300000)
  to   space 10240K, 0% used [0x00000000d8f00000,0x00000000d8f00000,0x00000000d9900000)
 ParOldGen       total 52224K, used 7676K [0x0000000082200000, 0x0000000085500000, 0x00000000d6100000)
  object space 52224K, 14% used [0x0000000082200000,0x000000008297f1c0,0x0000000085500000)
 Metaspace       used 25797K, capacity 27342K, committed 27648K, reserved 1073152K
  class space    used 3483K, capacity 3763K, committed 3840K, reserved 1048576K
Event: 3.176 GC heap after
Heap after GC invocations=12 (full 1):
 PSYoungGen      total 57344K, used 1649K [0x00000000d6100000, 0x00000000da300000, 0x0000000100000000)
  eden space 47104K, 0% used [0x00000000d6100000,0x00000000d6100000,0x00000000d8f00000)
  from space 10240K, 16% used [0x00000000d8f00000,0x00000000d909c648,0x00000000d9900000)
  to   space 9216K, 0% used [0x00000000d9a00000,0x00000000d9a00000,0x00000000da300000)
 ParOldGen       total 52224K, used 11008K [0x0000000082200000, 0x0000000085500000, 0x00000000d6100000)
  object space 52224K, 21% used [0x0000000082200000,0x0000000082cc03c8,0x0000000085500000)
 Metaspace       used 25797K, capacity 27342K, committed 27648K, reserved 1073152K
  class space    used 3483K, capacity 3763K, committed 3840K, reserved 1048576K
}
Event: 3.264 GC heap before
{Heap before GC invocations=13 (full 1):
 PSYoungGen      total 57344K, used 48753K [0x00000000d6100000, 0x00000000da300000, 0x0000000100000000)
  eden space 47104K, 100% used [0x00000000d6100000,0x00000000d8f00000,0x00000000d8f00000)
  from space 10240K, 16% used [0x00000000d8f00000,0x00000000d909c648,0x00000000d9900000)
  to   space 9216K, 0% used [0x00000000d9a00000,0x00000000d9a00000,0x00000000da300000)
 ParOldGen       total 52224K, used 11008K [0x0000000082200000, 0x0000000085500000, 0x00000000d6100000)
  object space 52224K, 21% used [0x0000000082200000,0x0000000082cc03c8,0x0000000085500000)
 Metaspace       used 26392K, capacity 28044K, committed 28288K, reserved 1073152K
  class space    used 3540K, capacity 3864K, committed 3968K, reserved 1048576K
Event: 3.266 GC heap after
Heap after GC invocations=13 (full 1):
 PSYoungGen      total 56320K, used 1011K [0x00000000d6100000, 0x00000000da300000, 0x0000000100000000)
  eden space 47104K, 0% used [0x00000000d6100000,0x00000000d6100000,0x00000000d8f00000)
  from space 9216K, 10% used [0x00000000d9a00000,0x00000000d9afcf80,0x00000000da300000)
  to   space 10240K, 0% used [0x00000000d8f00000,0x00000000d8f00000,0x00000000d9900000)
 ParOldGen       total 52224K, used 11611K [0x0000000082200000, 0x0000000085500000, 0x00000000d6100000)
  object space 52224K, 22% used [0x0000000082200000,0x0000000082d56d78,0x0000000085500000)
 Metaspace       used 26392K, capacity 28044K, committed 28288K, reserved 1073152K
  class space    used 3540K, capacity 3864K, committed 3968K, reserved 1048576K
}
Event: 3.707 GC heap before
{Heap before GC invocations=14 (full 1):
 PSYoungGen      total 56320K, used 48115K [0x00000000d6100000, 0x00000000da300000, 0x0000000100000000)
  eden space 47104K, 100% used [0x00000000d6100000,0x00000000d8f00000,0x00000000d8f00000)
  from space 9216K, 10% used [0x00000000d9a00000,0x00000000d9afcf80,0x00000000da300000)
  to   space 10240K, 0% used [0x00000000d8f00000,0x00000000d8f00000,0x00000000d9900000)
 ParOldGen       total 52224K, used 11611K [0x0000000082200000, 0x0000000085500000, 0x00000000d6100000)
  object space 52224K, 22% used [0x0000000082200000,0x0000000082d56d78,0x0000000085500000)
 Metaspace       used 32521K, capacity 34366K, committed 34560K, reserved 1079296K
  class space    used 4224K, capacity 4534K, committed 4608K, reserved 1048576K
Event: 3.715 GC heap after
Heap after GC invocations=14 (full 1):
 PSYoungGen      total 57344K, used 6719K [0x00000000d6100000, 0x00000000da300000, 0x0000000100000000)
  eden space 47104K, 0% used [0x00000000d6100000,0x00000000d6100000,0x00000000d8f00000)
  from space 10240K, 65% used [0x00000000d8f00000,0x00000000d958fd90,0x00000000d9900000)
  to   space 9216K, 0% used [0x00000000d9a00000,0x00000000d9a00000,0x00000000da300000)
 ParOldGen       total 52224K, used 11908K [0x0000000082200000, 0x0000000085500000, 0x00000000d6100000)
  object space 52224K, 22% used [0x0000000082200000,0x0000000082da1360,0x0000000085500000)
 Metaspace       used 32521K, capacity 34366K, committed 34560K, reserved 1079296K
  class space    used 4224K, capacity 4534K, committed 4608K, reserved 1048576K
}
Event: 3.776 GC heap before
{Heap before GC invocations=15 (full 1):
 PSYoungGen      total 57344K, used 18254K [0x00000000d6100000, 0x00000000da300000, 0x0000000100000000)
  eden space 47104K, 24% used [0x00000000d6100000,0x00000000d6c43df8,0x00000000d8f00000)
  from space 10240K, 65% used [0x00000000d8f00000,0x00000000d958fd90,0x00000000d9900000)
  to   space 9216K, 0% used [0x00000000d9a00000,0x00000000d9a00000,0x00000000da300000)
 ParOldGen       total 52224K, used 11908K [0x0000000082200000, 0x0000000085500000, 0x00000000d6100000)
  object space 52224K, 22% used [0x0000000082200000,0x0000000082da1360,0x0000000085500000)
 Metaspace       used 33609K, capacity 35392K, committed 35456K, reserved 1079296K
  class space    used 4418K, capacity 4727K, committed 4736K, reserved 1048576K
Event: 3.779 GC heap after
Heap after GC invocations=15 (full 1):
 PSYoungGen      total 56320K, used 1525K [0x00000000d6100000, 0x00000000da300000, 0x0000000100000000)
  eden space 47104K, 0% used [0x00000000d6100000,0x00000000d6100000,0x00000000d8f00000)
  from space 9216K, 16% used [0x00000000d9a00000,0x00000000d9b7d438,0x00000000da300000)
  to   space 10240K, 0% used [0x00000000d8f00000,0x00000000d8f00000,0x00000000d9900000)
 ParOldGen       total 52224K, used 14309K [0x0000000082200000, 0x0000000085500000, 0x00000000d6100000)
  object space 52224K, 27% used [0x0000000082200000,0x0000000082ff96f8,0x0000000085500000)
 Metaspace       used 33609K, capacity 35392K, committed 35456K, reserved 1079296K
  class space    used 4418K, capacity 4727K, committed 4736K, reserved 1048576K
}
Event: 3.779 GC heap before
{Heap before GC invocations=16 (full 2):
 PSYoungGen      total 56320K, used 1525K [0x00000000d6100000, 0x00000000da300000, 0x0000000100000000)
  eden space 47104K, 0% used [0x00000000d6100000,0x00000000d6100000,0x00000000d8f00000)
  from space 9216K, 16% used [0x00000000d9a00000,0x00000000d9b7d438,0x00000000da300000)
  to   space 10240K, 0% used [0x00000000d8f00000,0x00000000d8f00000,0x00000000d9900000)
 ParOldGen       total 52224K, used 14309K [0x0000000082200000, 0x0000000085500000, 0x00000000d6100000)
  object space 52224K, 27% used [0x0000000082200000,0x0000000082ff96f8,0x0000000085500000)
 Metaspace       used 33609K, capacity 35392K, committed 35456K, reserved 1079296K
  class space    used 4418K, capacity 4727K, committed 4736K, reserved 1048576K
Event: 3.895 GC heap after
Heap after GC invocations=16 (full 2):
 PSYoungGen      total 56320K, used 0K [0x00000000d6100000, 0x00000000da300000, 0x0000000100000000)
  eden space 47104K, 0% used [0x00000000d6100000,0x00000000d6100000,0x00000000d8f00000)
  from space 9216K, 0% used [0x00000000d9a00000,0x00000000d9a00000,0x00000000da300000)
  to   space 10240K, 0% used [0x00000000d8f00000,0x00000000d8f00000,0x00000000d9900000)
 ParOldGen       total 52224K, used 14253K [0x0000000082200000, 0x0000000085500000, 0x00000000d6100000)
  object space 52224K, 27% used [0x0000000082200000,0x0000000082feb6e0,0x0000000085500000)
 Metaspace       used 33609K, capacity 35392K, committed 35456K, reserved 1079296K
  class space    used 4418K, capacity 4727K, committed 4736K, reserved 1048576K
}

Deoptimization events (0 events):
No events

Classes redefined (0 events):
No events

Internal exceptions (10 events):
Event: 3.680 Thread 0x000000000b61e000 Exception <a 'java/lang/ArrayIndexOutOfBoundsException'> (0x00000000d8a20628) thrown at [C:\ade\jenkins\workspace\8-2-build-windows-amd64-cygwin\jdk8u241\331\hotspot\src\share\vm\runtime\sharedRuntime.cpp, line 605]
Event: 3.681 Thread 0x000000000b61e000 Exception <a 'java/lang/ArrayIndexOutOfBoundsException'> (0x00000000d8a222b8) thrown at [C:\ade\jenkins\workspace\8-2-build-windows-amd64-cygwin\jdk8u241\331\hotspot\src\share\vm\runtime\sharedRuntime.cpp, line 605]
Event: 3.682 Thread 0x000000000b61e000 Exception <a 'java/lang/ClassNotFoundException': org/springframework/context/ApplicationContextAwareCustomizer> (0x00000000d8a3e310) thrown at [C:\ade\jenkins\workspace\8-2-build-windows-amd64-cygwin\jdk8u241\331\hotspot\src\share\vm\classfile\systemDicti
Event: 3.683 Thread 0x000000000b61e000 Exception <a 'java/lang/ClassNotFoundException': org/springframework/beans/factory/AwareCustomizer> (0x00000000d8a54e08) thrown at [C:\ade\jenkins\workspace\8-2-build-windows-amd64-cygwin\jdk8u241\331\hotspot\src\share\vm\classfile\systemDictionary.cpp, l
Event: 3.683 Thread 0x000000000b61e000 Exception <a 'java/lang/ClassNotFoundException': org/springframework/context/ApplicationListenerCustomizer> (0x00000000d8a6c000) thrown at [C:\ade\jenkins\workspace\8-2-build-windows-amd64-cygwin\jdk8u241\331\hotspot\src\share\vm\classfile\systemDictionar
Event: 3.683 Thread 0x000000000b61e000 Exception <a 'java/lang/ArrayIndexOutOfBoundsException'> (0x00000000d8a6cd28) thrown at [C:\ade\jenkins\workspace\8-2-build-windows-amd64-cygwin\jdk8u241\331\hotspot\src\share\vm\runtime\sharedRuntime.cpp, line 605]
Event: 3.684 Thread 0x000000000b61e000 Exception <a 'java/lang/ClassNotFoundException': java/util/EventListenerCustomizer> (0x00000000d8a77680) thrown at [C:\ade\jenkins\workspace\8-2-build-windows-amd64-cygwin\jdk8u241\331\hotspot\src\share\vm\classfile\systemDictionary.cpp, line 210]
Event: 3.684 Thread 0x000000000b61e000 Exception <a 'java/lang/ClassNotFoundException': org/springframework/beans/factory/InitializingBeanCustomizer> (0x00000000d8b7af30) thrown at [C:\ade\jenkins\workspace\8-2-build-windows-amd64-cygwin\jdk8u241\331\hotspot\src\share\vm\classfile\systemDictio
Event: 3.909 Thread 0x000000000b61e000 Exception <a 'java/lang/ArrayIndexOutOfBoundsException'> (0x00000000d62a8f08) thrown at [C:\ade\jenkins\workspace\8-2-build-windows-amd64-cygwin\jdk8u241\331\hotspot\src\share\vm\runtime\sharedRuntime.cpp, line 605]
Event: 3.916 Thread 0x000000000b61e000 Exception <a 'java/lang/ArrayIndexOutOfBoundsException'> (0x00000000d62fd408) thrown at [C:\ade\jenkins\workspace\8-2-build-windows-amd64-cygwin\jdk8u241\331\hotspot\src\share\vm\runtime\sharedRuntime.cpp, line 605]

Events (10 events):
Event: 3.949 loading class org/hibernate/service/spi/InjectService
Event: 3.949 loading class org/hibernate/service/spi/InjectService done
Event: 3.949 loading class org/hibernate/service/spi/Startable
Event: 3.949 loading class org/hibernate/service/spi/Startable done
Event: 3.949 loading class org/hibernate/service/spi/Manageable
Event: 3.949 loading class org/hibernate/service/spi/Manageable done
Event: 3.950 loading class org/hibernate/boot/internal/MetadataBuilderImpl$MappingDefaultsImpl
Event: 3.950 loading class org/hibernate/boot/internal/MetadataBuilderImpl$MappingDefaultsImpl done
Event: 3.950 loading class org/hibernate/boot/spi/MappingDefaults
Event: 3.950 loading class org/hibernate/boot/spi/MappingDefaults done


Dynamic libraries:
0x00007ff602ab0000 - 0x00007ff602ae7000 	C:\Java\jdk1.8.0_241\bin\javaw.exe
0x00007ffd23970000 - 0x00007ffd23b3f000 	C:\Windows\SYSTEM32\ntdll.dll
0x00007ffd236c0000 - 0x00007ffd2376c000 	C:\Windows\System32\KERNEL32.DLL
0x00007ffd20c30000 - 0x00007ffd20e4e000 	C:\Windows\System32\KERNELBASE.dll
0x00007ffd20f60000 - 0x00007ffd21002000 	C:\Windows\System32\ADVAPI32.dll
0x00007ffd210b0000 - 0x00007ffd2114e000 	C:\Windows\System32\msvcrt.dll
0x00007ffd20f00000 - 0x00007ffd20f59000 	C:\Windows\System32\sechost.dll
0x00007ffd22e30000 - 0x00007ffd22f51000 	C:\Windows\System32\RPCRT4.dll
0x00007ffd23120000 - 0x00007ffd23286000 	C:\Windows\System32\USER32.dll
0x00007ffd20610000 - 0x00007ffd2062e000 	C:\Windows\System32\win32u.dll
0x00007ffd217e0000 - 0x00007ffd21814000 	C:\Windows\System32\GDI32.dll
0x00007ffd207d0000 - 0x00007ffd20951000 	C:\Windows\System32\gdi32full.dll
0x00007ffd1c350000 - 0x00007ffd1c5ca000 	C:\Windows\WinSxS\amd64_microsoft.windows.common-controls_6595b64144ccf1df_6.0.14393.3053_none_7de042968342015d\COMCTL32.dll
0x00007ffd233e0000 - 0x00007ffd236a6000 	C:\Windows\System32\combase.dll
0x00007ffd206d0000 - 0x00007ffd207c4000 	C:\Windows\System32\ucrtbase.dll
0x00007ffd205a0000 - 0x00007ffd2060a000 	C:\Windows\System32\bcryptPrimitives.dll
0x00007ffd21820000 - 0x00007ffd2184e000 	C:\Windows\System32\IMM32.DLL
0x00007ffd1ed90000 - 0x00007ffd1edc1000 	C:\Windows\system32\nvinitx.dll
0x00007ffd1ed80000 - 0x00007ffd1ed8a000 	C:\Windows\SYSTEM32\VERSION.dll
0x000000000f000000 - 0x000000000f006000 	C:\Program Files\NVIDIA Corporation\CoProcManager\_etoured.dll
0x00007ffd1d220000 - 0x00007ffd1d252000 	C:\Program Files\NVIDIA Corporation\CoProcManager\nvd3d9wrapx.dll
0x00007ffd21210000 - 0x00007ffd21639000 	C:\Windows\System32\SETUPAPI.dll
0x00007ffd20be0000 - 0x00007ffd20c22000 	C:\Windows\System32\cfgmgr32.dll
0x00007ffd1d1f0000 - 0x00007ffd1d212000 	C:\Program Files\NVIDIA Corporation\CoProcManager\nvdxgiwrapx.dll
0x000000005c8a0000 - 0x000000005c972000 	C:\Java\jdk1.8.0_241\jre\bin\msvcr100.dll
0x000000005ca60000 - 0x000000005d30c000 	C:\Java\jdk1.8.0_241\jre\bin\server\jvm.dll
0x00007ffd236b0000 - 0x00007ffd236b8000 	C:\Windows\System32\PSAPI.DLL
0x00007ffd1dc90000 - 0x00007ffd1dcb3000 	C:\Windows\SYSTEM32\WINMM.dll
0x00007ffd142b0000 - 0x00007ffd142b9000 	C:\Windows\SYSTEM32\WSOCK32.dll
0x00007ffd23900000 - 0x00007ffd2396a000 	C:\Windows\System32\WS2_32.dll
0x00007ffd1dc30000 - 0x00007ffd1dc5b000 	C:\Windows\SYSTEM32\WINMMBASE.dll
0x00007ffd12260000 - 0x00007ffd1226f000 	C:\Java\jdk1.8.0_241\jre\bin\verify.dll
0x00007ffd05520000 - 0x00007ffd05549000 	C:\Java\jdk1.8.0_241\jre\bin\java.dll
0x00007ffd07130000 - 0x00007ffd07146000 	C:\Java\jdk1.8.0_241\jre\bin\zip.dll
0x00007ffd218b0000 - 0x00007ffd22db6000 	C:\Windows\System32\SHELL32.dll
0x00007ffd1fec0000 - 0x00007ffd20598000 	C:\Windows\System32\windows.storage.dll
0x00007ffd1fe10000 - 0x00007ffd1fe5c000 	C:\Windows\System32\powrprof.dll
0x00007ffd230c0000 - 0x00007ffd23112000 	C:\Windows\System32\shlwapi.dll
0x00007ffd1fdd0000 - 0x00007ffd1fddf000 	C:\Windows\System32\kernel.appcore.dll
0x00007ffd20e50000 - 0x00007ffd20ef9000 	C:\Windows\System32\shcore.dll
0x00007ffd1fde0000 - 0x00007ffd1fdf4000 	C:\Windows\System32\profapi.dll
0x00007ffd1af20000 - 0x00007ffd1af2d000 	C:\Java\jdk1.8.0_241\jre\bin\management.dll
0x00007ffd06e20000 - 0x00007ffd06e3a000 	C:\Java\jdk1.8.0_241\jre\bin\net.dll
0x00007ffd1f700000 - 0x00007ffd1f75d000 	C:\Windows\system32\mswsock.dll
0x00007ffd06aa0000 - 0x00007ffd06ab2000 	C:\Java\jdk1.8.0_241\jre\bin\nio.dll
0x00007ffd12c70000 - 0x00007ffd12c86000 	C:\Windows\system32\napinsp.dll
0x00007ffd128d0000 - 0x00007ffd128ea000 	C:\Windows\system32\pnrpnsp.dll
0x00007ffd1da90000 - 0x00007ffd1daa8000 	C:\Windows\system32\NLAapi.dll
0x00007ffd1f480000 - 0x00007ffd1f522000 	C:\Windows\SYSTEM32\DNSAPI.dll
0x00007ffd23790000 - 0x00007ffd23798000 	C:\Windows\System32\NSI.dll
0x00007ffd1f440000 - 0x00007ffd1f478000 	C:\Windows\SYSTEM32\IPHLPAPI.DLL
0x00007ffd12650000 - 0x00007ffd1265e000 	C:\Windows\System32\winrnr.dll
0x00007ffd120a0000 - 0x00007ffd120b5000 	C:\Windows\System32\wshbth.dll
0x00007ffd15910000 - 0x00007ffd1591a000 	C:\Windows\System32\rasadhlp.dll
0x00007ffd17850000 - 0x00007ffd178ba000 	C:\Windows\System32\fwpuclnt.dll
0x00007ffd1f9b0000 - 0x00007ffd1f9db000 	C:\Windows\SYSTEM32\bcrypt.dll
0x00007ffd1f8a0000 - 0x00007ffd1f8b7000 	C:\Windows\SYSTEM32\CRYPTSP.dll
0x00007ffd1f2c0000 - 0x00007ffd1f2f3000 	C:\Windows\system32\rsaenh.dll
0x00007ffd1f540000 - 0x00007ffd1f560000 	C:\Windows\SYSTEM32\USERENV.dll
0x00007ffd1f8c0000 - 0x00007ffd1f8cb000 	C:\Windows\SYSTEM32\CRYPTBASE.dll
0x00007ffd17f00000 - 0x00007ffd17f16000 	C:\Windows\SYSTEM32\dhcpcsvc6.DLL
0x00007ffd179a0000 - 0x00007ffd179ba000 	C:\Windows\SYSTEM32\dhcpcsvc.DLL

VM Arguments:
jvm_args: -Dcom.sun.management.jmxremote -Dcom.sun.management.jmxremote.port=56090 -Dcom.sun.management.jmxremote.authenticate=false -Dcom.sun.management.jmxremote.ssl=false -Djava.rmi.server.hostname=localhost -Dspring.jmx.enabled=true -Dspring.application.admin.enabled=true -Xverify:none -XX:TieredStopAtLevel=1 -Dspring.boot.project.name=TesteCardif -Dfile.encoding=UTF-8 
java_command: com.cardif.teste.TesteCardifApplication --spring.output.ansi.enabled=always
java_class_path (initial): C:\workspace-spring-tool-suite\TesteCardif\target\classes;C:\Users\Anderson\.m2\repository\org\springframework\boot\spring-boot-starter-data-jpa\2.3.5.RELEASE\spring-boot-starter-data-jpa-2.3.5.RELEASE.jar;C:\Users\Anderson\.m2\repository\org\springframework\boot\spring-boot-starter-aop\2.3.5.RELEASE\spring-boot-starter-aop-2.3.5.RELEASE.jar;C:\Users\Anderson\.m2\repository\org\springframework\spring-aop\5.2.10.RELEASE\spring-aop-5.2.10.RELEASE.jar;C:\Users\Anderson\.m2\repository\org\aspectj\aspectjweaver\1.9.6\aspectjweaver-1.9.6.jar;C:\Users\Anderson\.m2\repository\org\springframework\boot\spring-boot-starter-jdbc\2.3.5.RELEASE\spring-boot-starter-jdbc-2.3.5.RELEASE.jar;C:\Users\Anderson\.m2\repository\com\zaxxer\HikariCP\3.4.5\HikariCP-3.4.5.jar;C:\Users\Anderson\.m2\repository\org\springframework\spring-jdbc\5.2.10.RELEASE\spring-jdbc-5.2.10.RELEASE.jar;C:\Users\Anderson\.m2\repository\jakarta\transaction\jakarta.transaction-api\1.3.3\jakarta.transaction-api-1.3.3.jar;C:\Users\Anderson\.m2\repository\jakarta\persistence\jakarta.persistence-api\2.2.3\jakarta.persistence-api-2.2.3.jar;C:\Users\Anderson\.m2\repository\org\hibernate\hibernate-core\5.4.22.Final\hibernate-core-5.4.22.Final.jar;C:\Users\Anderson\.m2\repository\org\jboss\logging\jboss-logging\3.4.1.Final\jboss-logging-3.4.1.Final.jar;C:\Users\Anderson\.m2\repository\org\javassist\javassist\3.24.0-GA\javassist-3.24.0-GA.jar;C:\Users\Anderson\.m2\repository\net\bytebuddy\byte-buddy\1.10.17\byte-buddy-1.10.17.jar;C:\Users\Anderson\.m2\repository\antlr\antlr\2.7.7\antlr-2.7.7.jar;C:\Users\Anderson\.m2\repository\org\jboss\jandex\2.1.3.Final\jandex-2.1.3.Final.jar;C:\Users\Anderson\.m2\repository\org\dom4j\dom4j\2.1.3\dom4j-2.1.3.jar;C:\Users\Anderson\.m2\repository\org\hibernate\common\hibernate-commons-annotations\5.1.0.Final\hibernate-commons-annotations-5.1.0.Final.jar;C:\Users\Anderson\.m2\repository\org\glassfish\jaxb\jaxb-runtime\2.3.3\jaxb-runtime-2.3.3.jar;C:\Users\Ande
Launcher Type: SUN_STANDARD

Environment Variables:
JAVA_HOME=C:\Java\jdk1.8.0_241
PATH=C:/Java/jdk1.8.0_241/bin/../jre/bin/server;C:/Java/jdk1.8.0_241/bin/../jre/bin;C:/Java/jdk1.8.0_241/bin/../jre/lib/amd64;C:\Windows\system32;C:\Windows;C:\Windows\System32\Wbem;C:\Windows\System32\WindowsPowerShell\v1.0\;C:\Program Files (x86)\Microsoft VS Code\bin;C:\Program Files (x86)\nodejs\;C:\apache-maven-3.6.3;C:\apache-maven-3.6.3\bin;C:\Program Files (x86)\NVIDIA Corporation\PhysX\Common;C:\Program Files\dotnet\;C:\Program Files\Microsoft SQL Server\130\Tools\Binn\;C:\Program Files\Microsoft SQL Server\Client SDK\ODBC\170\Tools\Binn\;C:\Java\jdk1.8.0_241\bin;C:\Program Files\Git\cmd;C:\Users\Anderson\AppData\Local\Microsoft\WindowsApps;C:\Users\Anderson\AppData\Roaming\npm;C:\Program Files\JetBrains\WebStorm 2020.2.2\bin;;C:\Projetos\sts-4.5.1.RELEASE;
USERNAME=Anderson
OS=Windows_NT
PROCESSOR_IDENTIFIER=Intel64 Family 6 Model 58 Stepping 9, GenuineIntel



---------------  S Y S T E M  ---------------

OS: Windows 10.0 , 64 bit Build 14393 (10.0.14393.3630)

CPU:total 8 (initial active 8) (4 cores per cpu, 2 threads per core) family 6 model 58 stepping 9, cmov, cx8, fxsr, mmx, sse, sse2, sse3, ssse3, sse4.1, sse4.2, popcnt, avx, aes, clmul, erms, ht, tsc, tscinvbit, tscinv

Memory: 4k page, physical 8245304k(1020976k free), swap 11317304k(4128k free)

vm_info: Java HotSpot(TM) 64-Bit Server VM (25.241-b07) for windows-amd64 JRE (1.8.0_241-b07), built on Dec 11 2019 10:21:40 by "rejava" with MS VC++ 10.0 (VS2010)

time: Thu Nov 12 13:29:27 2020
timezone: Hora oficial do Brasil
elapsed time: 3 seconds (0d 0h 0m 3s)

